<?xml version="1.0" encoding="UTF-8"?>
<testsuite name="ComputerRepairRequestTest" tests="2" skipped="0" failures="0" errors="0" timestamp="2025-03-07T10:15:36" hostname="MADA-LAPTOP" time="0.027">
  <properties/>
  <testcase name="Second test for ComputerRepairRequest" classname="ComputerRepairRequestTest" time="0.022"/>
  <testcase name="First test for ComputerRepairRequest" classname="ComputerRepairRequestTest" time="0.002"/>
  <system-out><![CDATA[]]></system-out>
  <system-err><![CDATA[]]></system-err>
</testsuite>
